191210 14:21:24 [Note] Plugin 'FEDERATED' is disabled.
191210 14:21:24 InnoDB: The InnoDB memory heap is disabled
191210 14:21:24 InnoDB: Mutexes and rw_locks use Windows interlocked functions
191210 14:21:24 InnoDB: Compressed tables use zlib 1.2.11
191210 14:21:24 InnoDB: Initializing buffer pool, size = 256.0M
191210 14:21:24 InnoDB: Completed initialization of buffer pool
InnoDB: The first specified data file C:\BtSoft\mysql\MySQL5.5\data\ibdata1 did not exist:
InnoDB: a new database to be created!
191210 14:21:24  InnoDB: Setting file C:\BtSoft\mysql\MySQL5.5\data\ibdata1 size to 10 MB
InnoDB: Database physically writes the file full: wait...
191210 14:21:24  InnoDB: Log file .\ib_logfile0 did not exist: new to be created
InnoDB: Setting log file .\ib_logfile0 size to 10 MB
InnoDB: Database physically writes the file full: wait...
191210 14:21:24  InnoDB: Log file .\ib_logfile1 did not exist: new to be created
InnoDB: Setting log file .\ib_logfile1 size to 10 MB
InnoDB: Database physically writes the file full: wait...
InnoDB: Doublewrite buffer not found: creating new
InnoDB: Doublewrite buffer created
191210 14:21:25 [Note] Plugin 'FEDERATED' is disabled.
191210 14:21:25 InnoDB: The InnoDB memory heap is disabled
191210 14:21:25 InnoDB: Mutexes and rw_locks use Windows interlocked functions
191210 14:21:25 InnoDB: Compressed tables use zlib 1.2.11
191210 14:21:25 InnoDB: Initializing buffer pool, size = 256.0M
191210 14:21:25 InnoDB: Completed initialization of buffer pool
191210 14:21:25 InnoDB: highest supported file format is Barracuda.
InnoDB: The log sequence number in ibdata files does not match
InnoDB: the log sequence number in the ib_logfiles!
191210 14:21:25  InnoDB: Database was not shut down normally!
InnoDB: Starting crash recovery.
InnoDB: Reading tablespace information from the .ibd files...
InnoDB: Restoring possible half-written data pages from the doublewrite
InnoDB: buffer...
InnoDB: Creating foreign key constraint system tables
InnoDB: Starting in background the rollback of uncommitted transactions
191210 14:21:25  InnoDB: Rollback of non-prepared transactions completed
InnoDB: Foreign key constraint system tables created
191210 14:21:25  InnoDB: Waiting for the background threads to start
191210 14:21:26 InnoDB: 5.5.62 started; log sequence number 48941
191210 14:21:26 [Note] Server hostname (bind-address): '0.0.0.0'; port: 3306
191210 14:21:26 [Note]   - '0.0.0.0' resolves to '0.0.0.0';
191210 14:21:26 [Note] Server socket created on IP: '0.0.0.0'.
191210 14:21:26 [Note] C:/BtSoft/mysql/MySQL5.5/bin/mysqld.exe: ready for connections.
Version: '5.5.62-log'  socket: ''  port: 3306  MySQL Community Server (GPL)
191210 14:21:29 [Note] Plugin 'FEDERATED' is disabled.
191210 14:21:29 InnoDB: The InnoDB memory heap is disabled
191210 14:21:29 InnoDB: Mutexes and rw_locks use Windows interlocked functions
191210 14:21:29 InnoDB: Compressed tables use zlib 1.2.11
191210 14:21:29 InnoDB: Initializing buffer pool, size = 256.0M
191210 14:21:29 InnoDB: Completed initialization of buffer pool
191210 14:21:30 InnoDB: highest supported file format is Barracuda.
InnoDB: The log sequence number in ibdata files does not match
InnoDB: the log sequence number in the ib_logfiles!
191210 14:21:30  InnoDB: Database was not shut down normally!
InnoDB: Starting crash recovery.
InnoDB: Reading tablespace information from the .ibd files...
InnoDB: Restoring possible half-written data pages from the doublewrite
InnoDB: buffer...
191210 14:21:30  InnoDB: Waiting for the background threads to start
191210 14:21:31 InnoDB: 5.5.62 started; log sequence number 55829
191210 14:21:31 [Note] Recovering after a crash using mysql-bin
191210 14:21:31 [Note] Starting crash recovery...
191210 14:21:31 [Note] Crash recovery finished.
191210 14:21:31 [Note] Server hostname (bind-address): '0.0.0.0'; port: 3306
191210 14:21:31 [Note]   - '0.0.0.0' resolves to '0.0.0.0';
191210 14:21:31 [Note] Server socket created on IP: '0.0.0.0'.
191210 14:21:31 [Note] Event Scheduler: Loaded 0 events
191210 14:21:31 [Note] C:\BtSoft\mysql\MySQL5.5\bin\mysqld.exe: ready for connections.
Version: '5.5.62-log'  socket: ''  port: 3306  MySQL Community Server (GPL)
