正在智能选择下载节点..
准备下载文件[panel_mysql.py]
0.00 b.......... .......... .......... ..........0%
8.00 KB.......... .......... .......... ..........100%
检测vc版本库2008..
正在设置目录权限!
准备下载文件[MySQL.zip]
0.00 b.......... .......... .......... ..........0%
8.00 KB.......... .......... .......... ..........0%
16.00 KB.......... .......... .......... ..........0%
24.00 KB.......... .......... .......... ..........0%
32.00 KB.......... .......... .......... ..........0%
40.00 KB.......... .......... .......... ..........0%
48.00 KB.......... .......... .......... ..........0%
56.00 KB.......... .......... .......... ..........0%
64.00 KB.......... .......... .......... ..........0%
72.00 KB.......... .......... .......... ..........0%
80.00 KB.......... .......... .......... ..........0%
88.00 KB.......... .......... .......... ..........0%
96.00 KB.......... .......... .......... ..........0%
104.00 KB.......... .......... .......... ..........1%
112.00 KB.......... .......... .......... ..........1%
120.00 KB.......... .......... .......... ..........1%
128.00 KB.......... .......... .......... ..........1%
136.00 KB.......... .......... .......... ..........1%
144.00 KB.......... .......... .......... ..........1%
152.00 KB.......... .......... .......... ..........1%
160.00 KB.......... .......... .......... ..........1%
168.00 KB.......... .......... .......... ..........1%
176.00 KB.......... .......... .......... ..........1%
184.00 KB.......... .......... .......... ..........1%
192.00 KB.......... .......... .......... ..........1%
200.00 KB.......... .......... .......... ..........1%
208.00 KB.......... .......... .......... ..........2%
216.00 KB.......... .......... .......... ..........2%
224.00 KB.......... .......... .......... ..........2%
232.00 KB.......... .......... .......... ..........2%
240.00 KB.......... .......... .......... ..........2%
248.00 KB.......... .......... .......... ..........2%
256.00 KB.......... .......... .......... ..........2%
264.00 KB.......... .......... .......... ..........2%
272.00 KB.......... .......... .......... ..........2%
280.00 KB.......... .......... .......... ..........2%
288.00 KB.......... .......... .......... ..........2%
296.00 KB.......... .......... .......... ..........2%
304.00 KB.......... .......... .......... ..........2%
312.00 KB.......... .......... .......... ..........3%
320.00 KB.......... .......... .......... ..........3%
328.00 KB.......... .......... .......... ..........3%
336.00 KB.......... .......... .......... ..........3%
344.00 KB.......... .......... .......... ..........3%
352.00 KB.......... .......... .......... ..........3%
360.00 KB.......... .......... .......... ..........3%
368.00 KB.......... .......... .......... ..........3%
376.00 KB.......... .......... .......... ..........3%
384.00 KB.......... .......... .......... ..........3%
392.00 KB.......... .......... .......... ..........3%
400.00 KB.......... .......... .......... ..........3%
408.00 KB.......... .......... .......... ..........4%
416.00 KB.......... .......... .......... ..........4%
424.00 KB.......... .......... .......... ..........4%
432.00 KB.......... .......... .......... ..........4%
440.00 KB.......... .......... .......... ..........4%
448.00 KB.......... .......... .......... ..........4%
456.00 KB.......... .......... .......... ..........4%
464.00 KB.......... .......... .......... ..........4%
472.00 KB.......... .......... .......... ..........4%
480.00 KB.......... .......... .......... ..........4%
488.00 KB.......... .......... .......... ..........4%
496.00 KB.......... .......... .......... ..........4%
504.00 KB.......... .......... .......... ..........4%
512.00 KB.......... .......... .......... ..........5%
520.00 KB.......... .......... .......... ..........5%
528.00 KB.......... .......... .......... ..........5%
536.00 KB.......... .......... .......... ..........5%
544.00 KB.......... .......... .......... ..........5%
552.00 KB.......... .......... .......... ..........5%
560.00 KB.......... .......... .......... ..........5%
568.00 KB.......... .......... .......... ..........5%
576.00 KB.......... .......... .......... ..........5%
584.00 KB.......... .......... .......... ..........5%
592.00 KB.......... .......... .......... ..........5%
600.00 KB.......... .......... .......... ..........5%
608.00 KB.......... .......... .......... ..........5%
616.00 KB.......... .......... .......... ..........6%
624.00 KB.......... .......... .......... ..........6%
632.00 KB.......... .......... .......... ..........6%
640.00 KB.......... .......... .......... ..........6%
648.00 KB.......... .......... .......... ..........6%
656.00 KB.......... .......... .......... ..........6%
664.00 KB.......... .......... .......... ..........6%
672.00 KB.......... .......... .......... ..........6%
680.00 KB.......... .......... .......... ..........6%
688.00 KB.......... .......... .......... ..........6%
696.00 KB.......... .......... .......... ..........6%
704.00 KB.......... .......... .......... ..........6%
712.00 KB.......... .......... .......... ..........7%
720.00 KB.......... .......... .......... ..........7%
728.00 KB.......... .......... .......... ..........7%
736.00 KB.......... .......... .......... ..........7%
744.00 KB.......... .......... .......... ..........7%
752.00 KB.......... .......... .......... ..........7%
760.00 KB.......... .......... .......... ..........7%
768.00 KB.......... .......... .......... ..........7%
776.00 KB.......... .......... .......... ..........7%
784.00 KB.......... .......... .......... ..........7%
792.00 KB.......... .......... .......... ..........7%
800.00 KB.......... .......... .......... ..........7%
808.00 KB.......... .......... .......... ..........7%
816.00 KB.......... .......... .......... ..........8%
824.00 KB.......... .......... .......... ..........8%
832.00 KB.......... .......... .......... ..........8%
840.00 KB.......... .......... .......... ..........8%
848.00 KB.......... .......... .......... ..........8%
856.00 KB.......... .......... .......... ..........8%
864.00 KB.......... .......... .......... ..........8%
872.00 KB.......... .......... .......... ..........8%
880.00 KB.......... .......... .......... ..........8%
888.00 KB.......... .......... .......... ..........8%
896.00 KB.......... .......... .......... ..........8%
904.00 KB.......... .......... .......... ..........8%
912.00 KB.......... .......... .......... ..........8%
920.00 KB.......... .......... .......... ..........9%
928.00 KB.......... .......... .......... ..........9%
936.00 KB.......... .......... .......... ..........9%
944.00 KB.......... .......... .......... ..........9%
952.00 KB.......... .......... .......... ..........9%
960.00 KB.......... .......... .......... ..........9%
968.00 KB.......... .......... .......... ..........9%
976.00 KB.......... .......... .......... ..........9%
984.00 KB.......... .......... .......... ..........9%
992.00 KB.......... .......... .......... ..........9%
1000.00 KB.......... .......... .......... ..........9%
1008.00 KB.......... .......... .......... ..........9%
1016.00 KB.......... .......... .......... ..........9%
1.00 MB.......... .......... .......... ..........10%
1.01 MB.......... .......... .......... ..........10%
1.02 MB.......... .......... .......... ..........10%
1.02 MB.......... .......... .......... ..........10%
1.03 MB.......... .......... .......... ..........10%
1.04 MB.......... .......... .......... ..........10%
1.05 MB.......... .......... .......... ..........10%
1.05 MB.......... .......... .......... ..........10%
1.06 MB.......... .......... .......... ..........10%
1.07 MB.......... .......... .......... ..........10%
1.08 MB.......... .......... .......... ..........10%
1.09 MB.......... .......... .......... ..........10%
1.09 MB.......... .......... .......... ..........11%
1.10 MB.......... .......... .......... ..........11%
1.11 MB.......... .......... .......... ..........11%
1.12 MB.......... .......... .......... ..........11%
1.12 MB.......... .......... .......... ..........11%
1.13 MB.......... .......... .......... ..........11%
1.14 MB.......... .......... .......... ..........11%
1.15 MB.......... .......... .......... ..........11%
1.16 MB.......... .......... .......... ..........11%
1.16 MB.......... .......... .......... ..........11%
1.17 MB.......... .......... .......... ..........11%
1.18 MB.......... .......... .......... ..........11%
1.19 MB.......... .......... .......... ..........11%
1.20 MB.......... .......... .......... ..........12%
1.20 MB.......... .......... .......... ..........12%
1.21 MB.......... .......... .......... ..........12%
1.22 MB.......... .......... .......... ..........12%
1.23 MB.......... .......... .......... ..........12%
1.23 MB.......... .......... .......... ..........12%
1.24 MB.......... .......... .......... ..........12%
1.25 MB.......... .......... .......... ..........12%
1.26 MB.......... .......... .......... ..........12%
1.27 MB.......... .......... .......... ..........12%
1.27 MB.......... .......... .......... ..........12%
1.28 MB.......... .......... .......... ..........12%
1.29 MB.......... .......... .......... ..........12%
1.30 MB.......... .......... .......... ..........13%
1.30 MB.......... .......... .......... ..........13%
1.31 MB.......... .......... .......... ..........13%
1.32 MB.......... .......... .......... ..........13%
1.33 MB.......... .......... .......... ..........13%
1.34 MB.......... .......... .......... ..........13%
1.34 MB.......... .......... .......... ..........13%
1.35 MB.......... .......... .......... ..........13%
1.36 MB.......... .......... .......... ..........13%
1.37 MB.......... .......... .......... ..........13%
1.38 MB.......... .......... .......... ..........13%
1.38 MB.......... .......... .......... ..........13%
1.39 MB.......... .......... .......... ..........14%
1.40 MB.......... .......... .......... ..........14%
1.41 MB.......... .......... .......... ..........14%
1.41 MB.......... .......... .......... ..........14%
1.42 MB.......... .......... .......... ..........14%
1.43 MB.......... .......... .......... ..........14%
1.44 MB.......... .......... .......... ..........14%
1.45 MB.......... .......... .......... ..........14%
1.45 MB.......... .......... .......... ..........14%
1.46 MB.......... .......... .......... ..........14%
1.47 MB.......... .......... .......... ..........14%
1.48 MB.......... .......... .......... ..........14%
1.48 MB.......... .......... .......... ..........14%
1.49 MB.......... .......... .......... ..........15%
1.50 MB.......... .......... .......... ..........15%
1.51 MB.......... .......... .......... ..........15%
1.52 MB.......... .......... .......... ..........15%
1.52 MB.......... .......... .......... ..........15%
1.53 MB.......... .......... .......... ..........15%
1.54 MB.......... .......... .......... ..........15%
1.55 MB.......... .......... .......... ..........15%
1.55 MB.......... .......... .......... ..........15%
1.56 MB.......... .......... .......... ..........15%
1.57 MB.......... .......... .......... ..........15%
1.58 MB.......... .......... .......... ..........15%
1.59 MB.......... .......... .......... ..........15%
1.59 MB.......... .......... .......... ..........16%
1.60 MB.......... .......... .......... ..........16%
1.61 MB.......... .......... .......... ..........16%
1.62 MB.......... .......... .......... ..........16%
1.62 MB.......... .......... .......... ..........16%
1.63 MB.......... .......... .......... ..........16%
1.64 MB.......... .......... .......... ..........16%
1.65 MB.......... .......... .......... ..........16%
1.66 MB.......... .......... .......... ..........16%
1.66 MB.......... .......... .......... ..........16%
1.67 MB.......... .......... .......... ..........16%
1.68 MB.......... .......... .......... ..........16%
1.69 MB.......... .......... .......... ..........17%
1.70 MB.......... .......... .......... ..........17%
1.70 MB.......... .......... .......... ..........17%
1.71 MB.......... .......... .......... ..........17%
1.72 MB.......... .......... .......... ..........17%
1.73 MB.......... .......... .......... ..........17%
1.73 MB.......... .......... .......... ..........17%
1.74 MB.......... .......... .......... ..........17%
1.75 MB.......... .......... .......... ..........17%
1.76 MB.......... .......... .......... ..........17%
1.77 MB.......... .......... .......... ..........17%
1.77 MB.......... .......... .......... ..........17%
1.78 MB.......... .......... .......... ..........17%
1.79 MB.......... .......... .......... ..........18%
1.80 MB.......... .......... .......... ..........18%
1.80 MB.......... .......... .......... ..........18%
1.81 MB.......... .......... .......... ..........18%
1.82 MB.......... .......... .......... ..........18%
1.83 MB.......... .......... .......... ..........18%
1.84 MB.......... .......... .......... ..........18%
1.84 MB.......... .......... .......... ..........18%
1.85 MB.......... .......... .......... ..........18%
1.86 MB.......... .......... .......... ..........18%
1.87 MB.......... .......... .......... ..........18%
1.88 MB.......... .......... .......... ..........18%
1.88 MB.......... .......... .......... ..........18%
1.89 MB.......... .......... .......... ..........19%
1.90 MB.......... .......... .......... ..........19%
1.91 MB.......... .......... .......... ..........19%
1.91 MB.......... .......... .......... ..........19%
1.92 MB.......... .......... .......... ..........19%
1.93 MB.......... .......... .......... ..........19%
1.94 MB.......... .......... .......... ..........19%
1.95 MB.......... .......... .......... ..........19%
1.95 MB.......... .......... .......... ..........19%
1.96 MB.......... .......... .......... ..........19%
1.97 MB.......... .......... .......... ..........19%
1.98 MB.......... .......... .......... ..........19%
1.98 MB.......... .......... .......... ..........19%
1.99 MB.......... .......... .......... ..........20%
2.00 MB.......... .......... .......... ..........20%
2.01 MB.......... .......... .......... ..........20%
2.02 MB.......... .......... .......... ..........20%
2.02 MB.......... .......... .......... ..........20%
2.03 MB.......... .......... .......... ..........20%
2.04 MB.......... .......... .......... ..........20%
2.05 MB.......... .......... .......... ..........20%
2.05 MB.......... .......... .......... ..........20%
2.06 MB.......... .......... .......... ..........20%
2.07 MB.......... .......... .......... ..........20%
2.08 MB.......... .......... .......... ..........20%
2.09 MB.......... .......... .......... ..........21%
2.09 MB.......... .......... .......... ..........21%
2.10 MB.......... .......... .......... ..........21%
2.11 MB.......... .......... .......... ..........21%
2.12 MB.......... .......... .......... ..........21%
2.12 MB.......... .......... .......... ..........21%
2.13 MB.......... .......... .......... ..........21%
2.14 MB.......... .......... .......... ..........21%
2.15 MB.......... .......... .......... ..........21%
2.16 MB.......... .......... .......... ..........21%
2.16 MB.......... .......... .......... ..........21%
2.17 MB.......... .......... .......... ..........21%
2.18 MB.......... .......... .......... ..........21%
2.19 MB.......... .......... .......... ..........22%
2.20 MB.......... .......... .......... ..........22%
2.20 MB.......... .......... .......... ..........22%
2.21 MB.......... .......... .......... ..........22%
2.22 MB.......... .......... .......... ..........22%
2.23 MB.......... .......... .......... ..........22%
2.23 MB.......... .......... .......... ..........22%
2.24 MB.......... .......... .......... ..........22%
2.25 MB.......... .......... .......... ..........22%
2.26 MB.......... .......... .......... ..........22%
2.27 MB.......... .......... .......... ..........22%
2.27 MB.......... .......... .......... ..........22%
2.28 MB.......... .......... .......... ..........22%
2.29 MB.......... .......... .......... ..........23%
2.30 MB.......... .......... .......... ..........23%
2.30 MB.......... .......... .......... ..........23%
2.31 MB.......... .......... .......... ..........23%
2.32 MB.......... .......... .......... ..........23%
2.33 MB.......... .......... .......... ..........23%
2.34 MB.......... .......... .......... ..........23%
2.34 MB.......... .......... .......... ..........23%
2.35 MB.......... .......... .......... ..........23%
2.36 MB.......... .......... .......... ..........23%
2.37 MB.......... .......... .......... ..........23%
2.38 MB.......... .......... .......... ..........23%
2.38 MB.......... .......... .......... ..........24%
2.39 MB.......... .......... .......... ..........24%
2.40 MB.......... .......... .......... ..........24%
2.41 MB.......... .......... .......... ..........24%
2.41 MB.......... .......... .......... ..........24%
2.42 MB.......... .......... .......... ..........24%
2.43 MB.......... .......... .......... ..........24%
2.44 MB.......... .......... .......... ..........24%
2.45 MB.......... .......... .......... ..........24%
2.45 MB.......... .......... .......... ..........24%
2.46 MB.......... .......... .......... ..........24%
2.47 MB.......... .......... .......... ..........24%
2.48 MB.......... .......... .......... ..........24%
2.48 MB.......... .......... .......... ..........25%
2.49 MB.......... .......... .......... ..........25%
2.50 MB.......... .......... .......... ..........25%
2.51 MB.......... .......... .......... ..........25%
2.52 MB.......... .......... .......... ..........25%
2.52 MB.......... .......... .......... ..........25%
2.53 MB.......... .......... .......... ..........25%
2.54 MB.......... .......... .......... ..........25%
2.55 MB.......... .......... .......... ..........25%
2.55 MB.......... .......... .......... ..........25%
2.56 MB.......... .......... .......... ..........25%
2.57 MB.......... .......... .......... ..........25%
2.58 MB.......... .......... .......... ..........25%
2.59 MB.......... .......... .......... ..........26%
2.59 MB.......... .......... .......... ..........26%
2.60 MB.......... .......... .......... ..........26%
2.61 MB.......... .......... .......... ..........26%
2.62 MB.......... .......... .......... ..........26%
2.62 MB.......... .......... .......... ..........26%
2.63 MB.......... .......... .......... ..........26%
2.64 MB.......... .......... .......... ..........26%
2.65 MB.......... .......... .......... ..........26%
2.66 MB.......... .......... .......... ..........26%
2.66 MB.......... .......... .......... ..........26%
2.67 MB.......... .......... .......... ..........26%
2.68 MB.......... .......... .......... ..........27%
2.69 MB.......... .......... .......... ..........27%
2.70 MB.......... .......... .......... ..........27%
2.70 MB.......... .......... .......... ..........27%
2.71 MB.......... .......... .......... ..........27%
2.72 MB.......... .......... .......... ..........27%
2.73 MB.......... .......... .......... ..........27%
2.73 MB.......... .......... .......... ..........27%
2.74 MB.......... .......... .......... ..........27%
2.75 MB.......... .......... .......... ..........27%
2.76 MB.......... .......... .......... ..........27%
2.77 MB.......... .......... .......... ..........27%
2.77 MB.......... .......... .......... ..........27%
2.78 MB.......... .......... .......... ..........28%
2.79 MB.......... .......... .......... ..........28%
2.80 MB.......... .......... .......... ..........28%
2.80 MB.......... .......... .......... ..........28%
2.81 MB.......... .......... .......... ..........28%
2.82 MB.......... .......... .......... ..........28%
2.83 MB.......... .......... .......... ..........28%
2.84 MB.......... .......... .......... ..........28%
2.84 MB.......... .......... .......... ..........28%
2.85 MB.......... .......... .......... ..........28%
2.86 MB.......... .......... .......... ..........28%
2.87 MB.......... .......... .......... ..........28%
2.88 MB.......... .......... .......... ..........28%
2.88 MB.......... .......... .......... ..........29%
2.89 MB.......... .......... .......... ..........29%
2.90 MB.......... .......... .......... ..........29%
2.91 MB.......... .......... .......... ..........29%
2.91 MB.......... .......... .......... ..........29%
2.92 MB.......... .......... .......... ..........29%
2.93 MB.......... .......... .......... ..........29%
2.94 MB.......... .......... .......... ..........29%
2.95 MB.......... .......... .......... ..........29%
2.95 MB.......... .......... .......... ..........29%
2.96 MB.......... .......... .......... ..........29%
2.97 MB.......... .......... .......... ..........29%
2.98 MB.......... .......... .......... ..........29%
2.98 MB.......... .......... .......... ..........30%
2.99 MB.......... .......... .......... ..........30%
3.00 MB.......... .......... .......... ..........30%
3.01 MB.......... .......... .......... ..........30%
3.02 MB.......... .......... .......... ..........30%
3.02 MB.......... .......... .......... ..........30%
3.03 MB.......... .......... .......... ..........30%
3.04 MB.......... .......... .......... ..........30%
3.05 MB.......... .......... .......... ..........30%
3.05 MB.......... .......... .......... ..........30%
3.06 MB.......... .......... .......... ..........30%
3.07 MB.......... .......... .......... ..........30%
3.08 MB.......... .......... .......... ..........31%
3.09 MB.......... .......... .......... ..........31%
3.09 MB.......... .......... .......... ..........31%
3.10 MB.......... .......... .......... ..........31%
3.11 MB.......... .......... .......... ..........31%
3.12 MB.......... .......... .......... ..........31%
3.12 MB.......... .......... .......... ..........31%
3.13 MB.......... .......... .......... ..........31%
3.14 MB.......... .......... .......... ..........31%
3.15 MB.......... .......... .......... ..........31%
3.16 MB.......... .......... .......... ..........31%
3.16 MB.......... .......... .......... ..........31%
3.17 MB.......... .......... .......... ..........31%
3.18 MB.......... .......... .......... ..........32%
3.19 MB.......... .......... .......... ..........32%
3.20 MB.......... .......... .......... ..........32%
3.20 MB.......... .......... .......... ..........32%
3.21 MB.......... .......... .......... ..........32%
3.22 MB.......... .......... .......... ..........32%
3.23 MB.......... .......... .......... ..........32%
3.23 MB.......... .......... .......... ..........32%
3.24 MB.......... .......... .......... ..........32%
3.25 MB.......... .......... .......... ..........32%
3.26 MB.......... .......... .......... ..........32%
3.27 MB.......... .......... .......... ..........32%
3.27 MB.......... .......... .......... ..........32%
3.28 MB.......... .......... .......... ..........33%
3.29 MB.......... .......... .......... ..........33%
3.30 MB.......... .......... .......... ..........33%
3.30 MB.......... .......... .......... ..........33%
3.31 MB.......... .......... .......... ..........33%
3.32 MB.......... .......... .......... ..........33%
3.33 MB.......... .......... .......... ..........33%
3.34 MB.......... .......... .......... ..........33%
3.34 MB.......... .......... .......... ..........33%
3.35 MB.......... .......... .......... ..........33%
3.36 MB.......... .......... .......... ..........33%
3.37 MB.......... .......... .......... ..........33%
3.38 MB.......... .......... .......... ..........34%
3.38 MB.......... .......... .......... ..........34%
3.39 MB.......... .......... .......... ..........34%
3.40 MB.......... .......... .......... ..........34%
3.41 MB.......... .......... .......... ..........34%
3.41 MB.......... .......... .......... ..........34%
3.42 MB.......... .......... .......... ..........34%
3.43 MB.......... .......... .......... ..........34%
3.44 MB.......... .......... .......... ..........34%
3.45 MB.......... .......... .......... ..........34%
3.45 MB.......... .......... .......... ..........34%
3.46 MB.......... .......... .......... ..........34%
3.47 MB.......... .......... .......... ..........34%
3.48 MB.......... .......... .......... ..........35%
3.48 MB.......... .......... .......... ..........35%
3.49 MB.......... .......... .......... ..........35%
3.50 MB.......... .......... .......... ..........35%
3.51 MB.......... .......... .......... ..........35%
3.52 MB.......... .......... .......... ..........35%
3.52 MB.......... .......... .......... ..........35%
3.53 MB.......... .......... .......... ..........35%
3.54 MB.......... .......... .......... ..........35%
3.55 MB.......... .......... .......... ..........35%
3.55 MB.......... .......... .......... ..........35%
3.56 MB.......... .......... .......... ..........35%
3.57 MB.......... .......... .......... ..........35%
3.58 MB.......... .......... .......... ..........36%
3.59 MB.......... .......... .......... ..........36%
3.59 MB.......... .......... .......... ..........36%
3.60 MB.......... .......... .......... ..........36%
3.61 MB.......... .......... .......... ..........36%
3.62 MB.......... .......... .......... ..........36%
3.62 MB.......... .......... .......... ..........36%
3.63 MB.......... .......... .......... ..........36%
3.64 MB.......... .......... .......... ..........36%
3.65 MB.......... .......... .......... ..........36%
3.66 MB.......... .......... .......... ..........36%
3.66 MB.......... .......... .......... ..........36%
3.67 MB.......... .......... .......... ..........37%
3.68 MB.......... .......... .......... ..........37%
3.69 MB.......... .......... .......... ..........37%
3.70 MB.......... .......... .......... ..........37%
3.70 MB.......... .......... .......... ..........37%
3.71 MB.......... .......... .......... ..........37%
3.72 MB.......... .......... .......... ..........37%
3.73 MB.......... .......... .......... ..........37%
3.73 MB.......... .......... .......... ..........37%
3.74 MB.......... .......... .......... ..........37%
3.75 MB.......... .......... .......... ..........37%
3.76 MB.......... .......... .......... ..........37%
3.77 MB.......... .......... .......... ..........37%
3.77 MB.......... .......... .......... ..........38%
3.78 MB.......... .......... .......... ..........38%
3.79 MB.......... .......... .......... ..........38%
3.80 MB.......... .......... .......... ..........38%
3.80 MB.......... .......... .......... ..........38%
3.81 MB.......... .......... .......... ..........38%
3.82 MB.......... .......... .......... ..........38%
3.83 MB.......... .......... .......... ..........38%
3.84 MB.......... .......... .......... ..........38%
3.84 MB.......... .......... .......... ..........38%
3.85 MB.......... .......... .......... ..........38%
3.86 MB.......... .......... .......... ..........38%
3.87 MB.......... .......... .......... ..........38%
3.88 MB.......... .......... .......... ..........39%
3.88 MB.......... .......... .......... ..........39%
3.89 MB.......... .......... .......... ..........39%
3.90 MB.......... .......... .......... ..........39%
3.91 MB.......... .......... .......... ..........39%
3.91 MB.......... .......... .......... ..........39%
3.92 MB.......... .......... .......... ..........39%
3.93 MB.......... .......... .......... ..........39%
3.94 MB.......... .......... .......... ..........39%
3.95 MB.......... .......... .......... ..........39%
3.95 MB.......... .......... .......... ..........39%
3.96 MB.......... .......... .......... ..........39%
3.97 MB.......... .......... .......... ..........39%
3.98 MB.......... .......... .......... ..........40%
3.98 MB.......... .......... .......... ..........40%
3.99 MB.......... .......... .......... ..........40%
4.00 MB.......... .......... .......... ..........40%
4.01 MB.......... .......... .......... ..........40%
4.02 MB.......... .......... .......... ..........40%
4.02 MB.......... .......... .......... ..........40%
4.03 MB.......... .......... .......... ..........40%
4.04 MB.......... .......... .......... ..........40%
4.05 MB.......... .......... .......... ..........40%
4.05 MB.......... .......... .......... ..........40%
4.06 MB.......... .......... .......... ..........40%
4.07 MB.......... .......... .......... ..........41%
4.08 MB.......... .......... .......... ..........41%
4.09 MB.......... .......... .......... ..........41%
4.09 MB.......... .......... .......... ..........41%
4.10 MB.......... .......... .......... ..........41%
4.11 MB.......... .......... .......... ..........41%
4.12 MB.......... .......... .......... ..........41%
4.12 MB.......... .......... .......... ..........41%
4.13 MB.......... .......... .......... ..........41%
4.14 MB.......... .......... .......... ..........41%
4.15 MB.......... .......... .......... ..........41%
4.16 MB.......... .......... .......... ..........41%
4.16 MB.......... .......... .......... ..........41%
4.17 MB.......... .......... .......... ..........42%
4.18 MB.......... .......... .......... ..........42%
4.19 MB.......... .......... .......... ..........42%
4.20 MB.......... .......... .......... ..........42%
4.20 MB.......... .......... .......... ..........42%
4.21 MB.......... .......... .......... ..........42%
4.22 MB.......... .......... .......... ..........42%
4.23 MB.......... .......... .......... ..........42%
4.23 MB.......... .......... .......... ..........42%
4.24 MB.......... .......... .......... ..........42%
4.25 MB.......... .......... .......... ..........42%
4.26 MB.......... .......... .......... ..........42%
4.27 MB.......... .......... .......... ..........42%
4.27 MB.......... .......... .......... ..........43%
4.28 MB.......... .......... .......... ..........43%
4.29 MB.......... .......... .......... ..........43%
4.30 MB.......... .......... .......... ..........43%
4.30 MB.......... .......... .......... ..........43%
4.31 MB.......... .......... .......... ..........43%
4.32 MB.......... .......... .......... ..........43%
4.33 MB.......... .......... .......... ..........43%
4.34 MB.......... .......... .......... ..........43%
4.34 MB.......... .......... .......... ..........43%
4.35 MB.......... .......... .......... ..........43%
4.36 MB.......... .......... .......... ..........43%
4.37 MB.......... .......... .......... ..........44%
4.38 MB.......... .......... .......... ..........44%
4.38 MB.......... .......... .......... ..........44%
4.39 MB.......... .......... .......... ..........44%
4.40 MB.......... .......... .......... ..........44%
4.41 MB.......... .......... .......... ..........44%
4.41 MB.......... .......... .......... ..........44%
4.42 MB.......... .......... .......... ..........44%
4.43 MB.......... .......... .......... ..........44%
4.44 MB.......... .......... .......... ..........44%
4.45 MB.......... .......... .......... ..........44%
4.45 MB.......... .......... .......... ..........44%
4.46 MB.......... .......... .......... ..........44%
4.47 MB.......... .......... .......... ..........45%
4.48 MB.......... .......... .......... ..........45%
4.48 MB.......... .......... .......... ..........45%
4.49 MB.......... .......... .......... ..........45%
4.50 MB.......... .......... .......... ..........45%
4.51 MB.......... .......... .......... ..........45%
4.52 MB.......... .......... .......... ..........45%
4.52 MB.......... .......... .......... ..........45%
4.53 MB.......... .......... .......... ..........45%
4.54 MB.......... .......... .......... ..........45%
4.55 MB.......... .......... .......... ..........45%
4.55 MB.......... .......... .......... ..........45%
4.56 MB.......... .......... .......... ..........45%
4.57 MB.......... .......... .......... ..........46%
4.58 MB.......... .......... .......... ..........46%
4.59 MB.......... .......... .......... ..........46%
4.59 MB.......... .......... .......... ..........46%
4.60 MB.......... .......... .......... ..........46%
4.61 MB.......... .......... .......... ..........46%
4.62 MB.......... .......... .......... ..........46%
4.62 MB.......... .......... .......... ..........46%
4.63 MB.......... .......... .......... ..........46%
4.64 MB.......... .......... .......... ..........46%
4.65 MB.......... .......... .......... ..........46%
4.66 MB.......... .......... .......... ..........46%
4.66 MB.......... .......... .......... ..........47%
4.67 MB.......... .......... .......... ..........47%
4.68 MB.......... .......... .......... ..........47%
4.69 MB.......... .......... .......... ..........47%
4.70 MB.......... .......... .......... ..........47%
4.70 MB.......... .......... .......... ..........47%
4.71 MB.......... .......... .......... ..........47%
4.72 MB.......... .......... .......... ..........47%
4.73 MB.......... .......... .......... ..........47%
4.73 MB.......... .......... .......... ..........47%
4.74 MB.......... .......... .......... ..........47%
4.75 MB.......... .......... .......... ..........47%
4.76 MB.......... .......... .......... ..........47%
4.77 MB.......... .......... .......... ..........48%
4.77 MB.......... .......... .......... ..........48%
4.78 MB.......... .......... .......... ..........48%
4.79 MB.......... .......... .......... ..........48%
4.80 MB.......... .......... .......... ..........48%
4.80 MB.......... .......... .......... ..........48%
4.81 MB.......... .......... .......... ..........48%
4.82 MB.......... .......... .......... ..........48%
4.83 MB.......... .......... .......... ..........48%
4.84 MB.......... .......... .......... ..........48%
4.84 MB.......... .......... .......... ..........48%
4.85 MB.......... .......... .......... ..........48%
4.86 MB.......... .......... .......... ..........48%
4.87 MB.......... .......... .......... ..........49%
4.88 MB.......... .......... .......... ..........49%
4.88 MB.......... .......... .......... ..........49%
4.89 MB.......... .......... .......... ..........49%
4.90 MB.......... .......... .......... ..........49%
4.91 MB.......... .......... .......... ..........49%
4.91 MB.......... .......... .......... ..........49%
4.92 MB.......... .......... .......... ..........49%
4.93 MB.......... .......... .......... ..........49%
4.94 MB.......... .......... .......... ..........49%
4.95 MB.......... .......... .......... ..........49%
4.95 MB.......... .......... .......... ..........49%
4.96 MB.......... .......... .......... ..........49%
4.97 MB.......... .......... .......... ..........50%
4.98 MB.......... .......... .......... ..........50%
4.98 MB.......... .......... .......... ..........50%
4.99 MB.......... .......... .......... ..........50%
5.00 MB.......... .......... .......... ..........50%
5.01 MB.......... .......... .......... ..........50%
5.02 MB.......... .......... .......... ..........50%
5.02 MB.......... .......... .......... ..........50%
5.03 MB.......... .......... .......... ..........50%
5.04 MB.......... .......... .......... ..........50%
5.05 MB.......... .......... .......... ..........50%
5.05 MB.......... .......... .......... ..........50%
5.06 MB.......... .......... .......... ..........51%
5.07 MB.......... .......... .......... ..........51%
5.08 MB.......... .......... .......... ..........51%
5.09 MB.......... .......... .......... ..........51%
5.09 MB.......... .......... .......... ..........51%
5.10 MB.......... .......... .......... ..........51%
5.11 MB.......... .......... .......... ..........51%
5.12 MB.......... .......... .......... ..........51%
5.12 MB.......... .......... .......... ..........51%
5.13 MB.......... .......... .......... ..........51%
5.14 MB.......... .......... .......... ..........51%
5.15 MB.......... .......... .......... ..........51%
5.16 MB.......... .......... .......... ..........51%
5.16 MB.......... .......... .......... ..........52%
5.17 MB.......... .......... .......... ..........52%
5.18 MB.......... .......... .......... ..........52%
5.19 MB.......... .......... .......... ..........52%
5.20 MB.......... .......... .......... ..........52%
5.20 MB.......... .......... .......... ..........52%
5.21 MB.......... .......... .......... ..........52%
5.22 MB.......... .......... .......... ..........52%
5.23 MB.......... .......... .......... ..........52%
5.23 MB.......... .......... .......... ..........52%
5.24 MB.......... .......... .......... ..........52%
5.25 MB.......... .......... .......... ..........52%
5.26 MB.......... .......... .......... ..........52%
5.27 MB.......... .......... .......... ..........53%
5.27 MB.......... .......... .......... ..........53%
5.28 MB.......... .......... .......... ..........53%
5.29 MB.......... .......... .......... ..........53%
5.30 MB.......... .......... .......... ..........53%
5.30 MB.......... .......... .......... ..........53%
5.31 MB.......... .......... .......... ..........53%
5.32 MB.......... .......... .......... ..........53%
5.33 MB.......... .......... .......... ..........53%
5.34 MB.......... .......... .......... ..........53%
5.34 MB.......... .......... .......... ..........53%
5.35 MB.......... .......... .......... ..........53%
5.36 MB.......... .......... .......... ..........54%
5.37 MB.......... .......... .......... ..........54%
5.38 MB.......... .......... .......... ..........54%
5.38 MB.......... .......... .......... ..........54%
5.39 MB.......... .......... .......... ..........54%
5.40 MB.......... .......... .......... ..........54%
5.41 MB.......... .......... .......... ..........54%
5.41 MB.......... .......... .......... ..........54%
5.42 MB.......... .......... .......... ..........54%
5.43 MB.......... .......... .......... ..........54%
5.44 MB.......... .......... .......... ..........54%
5.45 MB.......... .......... .......... ..........54%
5.45 MB.......... .......... .......... ..........54%
5.46 MB.......... .......... .......... ..........55%
5.47 MB.......... .......... .......... ..........55%
5.48 MB.......... .......... .......... ..........55%
5.48 MB.......... .......... .......... ..........55%
5.49 MB.......... .......... .......... ..........55%
5.50 MB.......... .......... .......... ..........55%
5.51 MB.......... .......... .......... ..........55%
5.52 MB.......... .......... .......... ..........55%
5.52 MB.......... .......... .......... ..........55%
5.53 MB.......... .......... .......... ..........55%
5.54 MB.......... .......... .......... ..........55%
5.55 MB.......... .......... .......... ..........55%
5.55 MB.......... .......... .......... ..........55%
5.56 MB.......... .......... .......... ..........56%
5.57 MB.......... .......... .......... ..........56%
5.58 MB.......... .......... .......... ..........56%
5.59 MB.......... .......... .......... ..........56%
5.59 MB.......... .......... .......... ..........56%
5.60 MB.......... .......... .......... ..........56%
5.61 MB.......... .......... .......... ..........56%
5.62 MB.......... .......... .......... ..........56%
5.62 MB.......... .......... .......... ..........56%
5.63 MB.......... .......... .......... ..........56%
5.64 MB.......... .......... .......... ..........56%
5.65 MB.......... .......... .......... ..........56%
5.66 MB.......... .......... .......... ..........57%
5.66 MB.......... .......... .......... ..........57%
5.67 MB.......... .......... .......... ..........57%
5.68 MB.......... .......... .......... ..........57%
5.69 MB.......... .......... .......... ..........57%
5.70 MB.......... .......... .......... ..........57%
5.70 MB.......... .......... .......... ..........57%
5.71 MB.......... .......... .......... ..........57%
5.72 MB.......... .......... .......... ..........57%
5.73 MB.......... .......... .......... ..........57%
5.73 MB.......... .......... .......... ..........57%
5.74 MB.......... .......... .......... ..........57%
5.75 MB.......... .......... .......... ..........57%
5.76 MB.......... .......... .......... ..........58%
5.77 MB.......... .......... .......... ..........58%
5.77 MB.......... .......... .......... ..........58%
5.78 MB.......... .......... .......... ..........58%
5.79 MB.......... .......... .......... ..........58%
5.80 MB.......... .......... .......... ..........58%
5.80 MB.......... .......... .......... ..........58%
5.81 MB.......... .......... .......... ..........58%
5.82 MB.......... .......... .......... ..........58%
5.83 MB.......... .......... .......... ..........58%
5.84 MB.......... .......... .......... ..........58%
5.84 MB.......... .......... .......... ..........58%
5.85 MB.......... .......... .......... ..........58%
5.86 MB.......... .......... .......... ..........59%
5.87 MB.......... .......... .......... ..........59%
5.88 MB.......... .......... .......... ..........59%
5.88 MB.......... .......... .......... ..........59%
5.89 MB.......... .......... .......... ..........59%
5.90 MB.......... .......... .......... ..........59%
5.91 MB.......... .......... .......... ..........59%
5.91 MB.......... .......... .......... ..........59%
5.92 MB.......... .......... .......... ..........59%
5.93 MB.......... .......... .......... ..........59%
5.94 MB.......... .......... .......... ..........59%
5.95 MB.......... .......... .......... ..........59%
5.95 MB.......... .......... .......... ..........59%
5.96 MB.......... .......... .......... ..........60%
5.97 MB.......... .......... .......... ..........60%
5.98 MB.......... .......... .......... ..........60%
5.98 MB.......... .......... .......... ..........60%
5.99 MB.......... .......... .......... ..........60%
6.00 MB.......... .......... .......... ..........60%
6.01 MB.......... .......... .......... ..........60%
6.02 MB.......... .......... .......... ..........60%
6.02 MB.......... .......... .......... ..........60%
6.03 MB.......... .......... .......... ..........60%
6.04 MB.......... .......... .......... ..........60%
6.05 MB.......... .......... .......... ..........60%
6.05 MB.......... .......... .......... ..........61%
6.06 MB.......... .......... .......... ..........61%
6.07 MB.......... .......... .......... ..........61%
6.08 MB.......... .......... .......... ..........61%
6.09 MB.......... .......... .......... ..........61%
6.09 MB.......... .......... .......... ..........61%
6.10 MB.......... .......... .......... ..........61%
6.11 MB.......... .......... .......... ..........61%
6.12 MB.......... .......... .......... ..........61%
6.12 MB.......... .......... .......... ..........61%
6.13 MB.......... .......... .......... ..........61%
6.14 MB.......... .......... .......... ..........61%
6.15 MB.......... .......... .......... ..........61%
6.16 MB.......... .......... .......... ..........62%
6.16 MB.......... .......... .......... ..........62%
6.17 MB.......... .......... .......... ..........62%
6.18 MB.......... .......... .......... ..........62%
6.19 MB.......... .......... .......... ..........62%
6.20 MB.......... .......... .......... ..........62%
6.20 MB.......... .......... .......... ..........62%
6.21 MB.......... .......... .......... ..........62%
6.22 MB.......... .......... .......... ..........62%
6.23 MB.......... .......... .......... ..........62%
6.23 MB.......... .......... .......... ..........62%
6.24 MB.......... .......... .......... ..........62%
6.25 MB.......... .......... .......... ..........62%
6.26 MB.......... .......... .......... ..........63%
6.27 MB.......... .......... .......... ..........63%
6.27 MB.......... .......... .......... ..........63%
6.28 MB.......... .......... .......... ..........63%
6.29 MB.......... .......... .......... ..........63%
6.30 MB.......... .......... .......... ..........63%
6.30 MB.......... .......... .......... ..........63%
6.31 MB.......... .......... .......... ..........63%
6.32 MB.......... .......... .......... ..........63%
6.33 MB.......... .......... .......... ..........63%
6.34 MB.......... .......... .......... ..........63%
6.34 MB.......... .......... .......... ..........63%
6.35 MB.......... .......... .......... ..........64%
6.36 MB.......... .......... .......... ..........64%
6.37 MB.......... .......... .......... ..........64%
6.38 MB.......... .......... .......... ..........64%
6.38 MB.......... .......... .......... ..........64%
6.39 MB.......... .......... .......... ..........64%
6.40 MB.......... .......... .......... ..........64%
6.41 MB.......... .......... .......... ..........64%
6.41 MB.......... .......... .......... ..........64%
6.42 MB.......... .......... .......... ..........64%
6.43 MB.......... .......... .......... ..........64%
6.44 MB.......... .......... .......... ..........64%
6.45 MB.......... .......... .......... ..........64%
6.45 MB.......... .......... .......... ..........65%
6.46 MB.......... .......... .......... ..........65%
6.47 MB.......... .......... .......... ..........65%
6.48 MB.......... .......... .......... ..........65%
6.48 MB.......... .......... .......... ..........65%
6.49 MB.......... .......... .......... ..........65%
6.50 MB.......... .......... .......... ..........65%
6.51 MB.......... .......... .......... ..........65%
6.52 MB.......... .......... .......... ..........65%
6.52 MB.......... .......... .......... ..........65%
6.53 MB.......... .......... .......... ..........65%
6.54 MB.......... .......... .......... ..........65%
6.55 MB.......... .......... .......... ..........65%
6.55 MB.......... .......... .......... ..........66%
6.56 MB.......... .......... .......... ..........66%
6.57 MB.......... .......... .......... ..........66%
6.58 MB.......... .......... .......... ..........66%
6.59 MB.......... .......... .......... ..........66%
6.59 MB.......... .......... .......... ..........66%
6.60 MB.......... .......... .......... ..........66%
6.61 MB.......... .......... .......... ..........66%
6.62 MB.......... .......... .......... ..........66%
6.62 MB.......... .......... .......... ..........66%
6.63 MB.......... .......... .......... ..........66%
6.64 MB.......... .......... .......... ..........66%
6.65 MB.......... .......... .......... ..........67%
6.66 MB.......... .......... .......... ..........67%
6.66 MB.......... .......... .......... ..........67%
6.67 MB.......... .......... .......... ..........67%
6.68 MB.......... .......... .......... ..........67%
6.69 MB.......... .......... .......... ..........67%
6.70 MB.......... .......... .......... ..........67%
6.70 MB.......... .......... .......... ..........67%
6.71 MB.......... .......... .......... ..........67%
6.72 MB.......... .......... .......... ..........67%
6.73 MB.......... .......... .......... ..........67%
6.73 MB.......... .......... .......... ..........67%
6.74 MB.......... .......... .......... ..........67%
6.75 MB.......... .......... .......... ..........68%
6.76 MB.......... .......... .......... ..........68%
6.77 MB.......... .......... .......... ..........68%
6.77 MB.......... .......... .......... ..........68%
6.78 MB.......... .......... .......... ..........68%
6.79 MB.......... .......... .......... ..........68%
6.80 MB.......... .......... .......... ..........68%
6.80 MB.......... .......... .......... ..........68%
6.81 MB.......... .......... .......... ..........68%
6.82 MB.......... .......... .......... ..........68%
6.83 MB.......... .......... .......... ..........68%
6.84 MB.......... .......... .......... ..........68%
6.84 MB.......... .......... .......... ..........68%
6.85 MB.......... .......... .......... ..........69%
6.86 MB.......... .......... .......... ..........69%
6.87 MB.......... .......... .......... ..........69%
6.88 MB.......... .......... .......... ..........69%
6.88 MB.......... .......... .......... ..........69%
6.89 MB.......... .......... .......... ..........69%
6.90 MB.......... .......... .......... ..........69%
6.91 MB.......... .......... .......... ..........69%
6.91 MB.......... .......... .......... ..........69%
6.92 MB.......... .......... .......... ..........69%
6.93 MB.......... .......... .......... ..........69%
6.94 MB.......... .......... .......... ..........69%
6.95 MB.......... .......... .......... ..........69%
6.95 MB.......... .......... .......... ..........70%
6.96 MB.......... .......... .......... ..........70%
6.97 MB.......... .......... .......... ..........70%
6.98 MB.......... .......... .......... ..........70%
6.98 MB.......... .......... .......... ..........70%
6.99 MB.......... .......... .......... ..........70%
7.00 MB.......... .......... .......... ..........70%
7.01 MB.......... .......... .......... ..........70%
7.02 MB.......... .......... .......... ..........70%
7.02 MB.......... .......... .......... ..........70%
7.03 MB.......... .......... .......... ..........70%
7.04 MB.......... .......... .......... ..........70%
7.05 MB.......... .......... .......... ..........71%
7.05 MB.......... .......... .......... ..........71%
7.06 MB.......... .......... .......... ..........71%
7.07 MB.......... .......... .......... ..........71%
7.08 MB.......... .......... .......... ..........71%
7.09 MB.......... .......... .......... ..........71%
7.09 MB.......... .......... .......... ..........71%
7.10 MB.......... .......... .......... ..........71%
7.11 MB.......... .......... .......... ..........71%
7.12 MB.......... .......... .......... ..........71%
7.12 MB.......... .......... .......... ..........71%
7.13 MB.......... .......... .......... ..........71%
7.14 MB.......... .......... .......... ..........71%
7.15 MB.......... .......... .......... ..........72%
7.16 MB.......... .......... .......... ..........72%
7.16 MB.......... .......... .......... ..........72%
7.17 MB.......... .......... .......... ..........72%
7.18 MB.......... .......... .......... ..........72%
7.19 MB.......... .......... .......... ..........72%
7.20 MB.......... .......... .......... ..........72%
7.20 MB.......... .......... .......... ..........72%
7.21 MB.......... .......... .......... ..........72%
7.22 MB.......... .......... .......... ..........72%
7.23 MB.......... .......... .......... ..........72%
7.23 MB.......... .......... .......... ..........72%
7.24 MB.......... .......... .......... ..........72%
7.25 MB.......... .......... .......... ..........73%
7.26 MB.......... .......... .......... ..........73%
7.27 MB.......... .......... .......... ..........73%
7.27 MB.......... .......... .......... ..........73%
7.28 MB.......... .......... .......... ..........73%
7.29 MB.......... .......... .......... ..........73%
7.30 MB.......... .......... .......... ..........73%
7.30 MB.......... .......... .......... ..........73%
7.31 MB.......... .......... .......... ..........73%
7.32 MB.......... .......... .......... ..........73%
7.33 MB.......... .......... .......... ..........73%
7.34 MB.......... .......... .......... ..........73%
7.34 MB.......... .......... .......... ..........74%
7.35 MB.......... .......... .......... ..........74%
7.36 MB.......... .......... .......... ..........74%
7.37 MB.......... .......... .......... ..........74%
7.38 MB.......... .......... .......... ..........74%
7.38 MB.......... .......... .......... ..........74%
7.39 MB.......... .......... .......... ..........74%
7.40 MB.......... .......... .......... ..........74%
7.41 MB.......... .......... .......... ..........74%
7.41 MB.......... .......... .......... ..........74%
7.42 MB.......... .......... .......... ..........74%
7.43 MB.......... .......... .......... ..........74%
7.44 MB.......... .......... .......... ..........74%
7.45 MB.......... .......... .......... ..........75%
7.45 MB.......... .......... .......... ..........75%
7.46 MB.......... .......... .......... ..........75%
7.47 MB.......... .......... .......... ..........75%
7.48 MB.......... .......... .......... ..........75%
7.48 MB.......... .......... .......... ..........75%
7.49 MB.......... .......... .......... ..........75%
7.50 MB.......... .......... .......... ..........75%
7.51 MB.......... .......... .......... ..........75%
7.52 MB.......... .......... .......... ..........75%
7.52 MB.......... .......... .......... ..........75%
7.53 MB.......... .......... .......... ..........75%
7.54 MB.......... .......... .......... ..........75%
7.55 MB.......... .......... .......... ..........76%
7.55 MB.......... .......... .......... ..........76%
7.56 MB.......... .......... .......... ..........76%
7.57 MB.......... .......... .......... ..........76%
7.58 MB.......... .......... .......... ..........76%
7.59 MB.......... .......... .......... ..........76%
7.59 MB.......... .......... .......... ..........76%
7.60 MB.......... .......... .......... ..........76%
7.61 MB.......... .......... .......... ..........76%
7.62 MB.......... .......... .......... ..........76%
7.62 MB.......... .......... .......... ..........76%
7.63 MB.......... .......... .......... ..........76%
7.64 MB.......... .......... .......... ..........77%
7.65 MB.......... .......... .......... ..........77%
7.66 MB.......... .......... .......... ..........77%
7.66 MB.......... .......... .......... ..........77%
7.67 MB.......... .......... .......... ..........77%
7.68 MB.......... .......... .......... ..........77%
7.69 MB.......... .......... .......... ..........77%
7.70 MB.......... .......... .......... ..........77%
7.70 MB.......... .......... .......... ..........77%
7.71 MB.......... .......... .......... ..........77%
7.72 MB.......... .......... .......... ..........77%
7.73 MB.......... .......... .......... ..........77%
7.73 MB.......... .......... .......... ..........77%
7.74 MB.......... .......... .......... ..........78%
7.75 MB.......... .......... .......... ..........78%
7.76 MB.......... .......... .......... ..........78%
7.77 MB.......... .......... .......... ..........78%
7.77 MB.......... .......... .......... ..........78%
7.78 MB.......... .......... .......... ..........78%
7.79 MB.......... .......... .......... ..........78%
7.80 MB.......... .......... .......... ..........78%
7.80 MB.......... .......... .......... ..........78%
7.81 MB.......... .......... .......... ..........78%
7.82 MB.......... .......... .......... ..........78%
7.83 MB.......... .......... .......... ..........78%
7.84 MB.......... .......... .......... ..........78%
7.84 MB.......... .......... .......... ..........79%
7.85 MB.......... .......... .......... ..........79%
7.86 MB.......... .......... .......... ..........79%
7.87 MB.......... .......... .......... ..........79%
7.88 MB.......... .......... .......... ..........79%
7.88 MB.......... .......... .......... ..........79%
7.89 MB.......... .......... .......... ..........79%
7.90 MB.......... .......... .......... ..........79%
7.91 MB.......... .......... .......... ..........79%
7.91 MB.......... .......... .......... ..........79%
7.92 MB.......... .......... .......... ..........79%
7.93 MB.......... .......... .......... ..........79%
7.94 MB.......... .......... .......... ..........79%
7.95 MB.......... .......... .......... ..........80%
7.95 MB.......... .......... .......... ..........80%
7.96 MB.......... .......... .......... ..........80%
7.97 MB.......... .......... .......... ..........80%
7.98 MB.......... .......... .......... ..........80%
7.98 MB.......... .......... .......... ..........80%
7.99 MB.......... .......... .......... ..........80%
8.00 MB.......... .......... .......... ..........80%
8.01 MB.......... .......... .......... ..........80%
8.02 MB.......... .......... .......... ..........80%
8.02 MB.......... .......... .......... ..........80%
8.03 MB.......... .......... .......... ..........80%
8.04 MB.......... .......... .......... ..........81%
8.05 MB.......... .......... .......... ..........81%
8.05 MB.......... .......... .......... ..........81%
8.06 MB.......... .......... .......... ..........81%
8.07 MB.......... .......... .......... ..........81%
8.08 MB.......... .......... .......... ..........81%
8.09 MB.......... .......... .......... ..........81%
8.09 MB.......... .......... .......... ..........81%
8.10 MB.......... .......... .......... ..........81%
8.11 MB.......... .......... .......... ..........81%
8.12 MB.......... .......... .......... ..........81%
8.12 MB.......... .......... .......... ..........81%
8.13 MB.......... .......... .......... ..........81%
8.14 MB.......... .......... .......... ..........82%
8.15 MB.......... .......... .......... ..........82%
8.16 MB.......... .......... .......... ..........82%
8.16 MB.......... .......... .......... ..........82%
8.17 MB.......... .......... .......... ..........82%
8.18 MB.......... .......... .......... ..........82%
8.19 MB.......... .......... .......... ..........82%
8.20 MB.......... .......... .......... ..........82%
8.20 MB.......... .......... .......... ..........82%
8.21 MB.......... .......... .......... ..........82%
8.22 MB.......... .......... .......... ..........82%
8.23 MB.......... .......... .......... ..........82%
8.23 MB.......... .......... .......... ..........82%
8.24 MB.......... .......... .......... ..........83%
8.25 MB.......... .......... .......... ..........83%
8.26 MB.......... .......... .......... ..........83%
8.27 MB.......... .......... .......... ..........83%
8.27 MB.......... .......... .......... ..........83%
8.28 MB.......... .......... .......... ..........83%
8.29 MB.......... .......... .......... ..........83%
8.30 MB.......... .......... .......... ..........83%
8.30 MB.......... .......... .......... ..........83%
8.31 MB.......... .......... .......... ..........83%
8.32 MB.......... .......... .......... ..........83%
8.33 MB.......... .......... .......... ..........83%
8.34 MB.......... .......... .......... ..........84%
8.34 MB.......... .......... .......... ..........84%
8.35 MB.......... .......... .......... ..........84%
8.36 MB.......... .......... .......... ..........84%
8.37 MB.......... .......... .......... ..........84%
8.38 MB.......... .......... .......... ..........84%
8.38 MB.......... .......... .......... ..........84%
8.39 MB.......... .......... .......... ..........84%
8.40 MB.......... .......... .......... ..........84%
8.41 MB.......... .......... .......... ..........84%
8.41 MB.......... .......... .......... ..........84%
8.42 MB.......... .......... .......... ..........84%
8.43 MB.......... .......... .......... ..........84%
8.44 MB.......... .......... .......... ..........85%
8.45 MB.......... .......... .......... ..........85%
8.45 MB.......... .......... .......... ..........85%
8.46 MB.......... .......... .......... ..........85%
8.47 MB.......... .......... .......... ..........85%
8.48 MB.......... .......... .......... ..........85%
8.48 MB.......... .......... .......... ..........85%
8.49 MB.......... .......... .......... ..........85%
8.50 MB.......... .......... .......... ..........85%
8.51 MB.......... .......... .......... ..........85%
8.52 MB.......... .......... .......... ..........85%
8.52 MB.......... .......... .......... ..........85%
8.53 MB.......... .......... .......... ..........85%
8.54 MB.......... .......... .......... ..........86%
8.55 MB.......... .......... .......... ..........86%
8.55 MB.......... .......... .......... ..........86%
8.56 MB.......... .......... .......... ..........86%
8.57 MB.......... .......... .......... ..........86%
8.58 MB.......... .......... .......... ..........86%
8.59 MB.......... .......... .......... ..........86%
8.59 MB.......... .......... .......... ..........86%
8.60 MB.......... .......... .......... ..........86%
8.61 MB.......... .......... .......... ..........86%
8.62 MB.......... .......... .......... ..........86%
8.62 MB.......... .......... .......... ..........86%
8.63 MB.......... .......... .......... ..........87%
8.64 MB.......... .......... .......... ..........87%
8.65 MB.......... .......... .......... ..........87%
8.66 MB.......... .......... .......... ..........87%
8.66 MB.......... .......... .......... ..........87%
8.67 MB.......... .......... .......... ..........87%
8.68 MB.......... .......... .......... ..........87%
8.69 MB.......... .......... .......... ..........87%
8.70 MB.......... .......... .......... ..........87%
8.70 MB.......... .......... .......... ..........87%
8.71 MB.......... .......... .......... ..........87%
8.72 MB.......... .......... .......... ..........87%
8.73 MB.......... .......... .......... ..........87%
8.73 MB.......... .......... .......... ..........88%
8.74 MB.......... .......... .......... ..........88%
8.75 MB.......... .......... .......... ..........88%
8.76 MB.......... .......... .......... ..........88%
8.77 MB.......... .......... .......... ..........88%
8.77 MB.......... .......... .......... ..........88%
8.78 MB.......... .......... .......... ..........88%
8.79 MB.......... .......... .......... ..........88%
8.80 MB.......... .......... .......... ..........88%
8.80 MB.......... .......... .......... ..........88%
8.81 MB.......... .......... .......... ..........88%
8.82 MB.......... .......... .......... ..........88%
8.83 MB.......... .......... .......... ..........88%
8.84 MB.......... .......... .......... ..........89%
8.84 MB.......... .......... .......... ..........89%
8.85 MB.......... .......... .......... ..........89%
8.86 MB.......... .......... .......... ..........89%
8.87 MB.......... .......... .......... ..........89%
8.88 MB.......... .......... .......... ..........89%
8.88 MB.......... .......... .......... ..........89%
8.89 MB.......... .......... .......... ..........89%
8.90 MB.......... .......... .......... ..........89%
8.91 MB.......... .......... .......... ..........89%
8.91 MB.......... .......... .......... ..........89%
8.92 MB.......... .......... .......... ..........89%
8.93 MB.......... .......... .......... ..........89%
8.94 MB.......... .......... .......... ..........90%
8.95 MB.......... .......... .......... ..........90%
8.95 MB.......... .......... .......... ..........90%
8.96 MB.......... .......... .......... ..........90%
8.97 MB.......... .......... .......... ..........90%
8.98 MB.......... .......... .......... ..........90%
8.98 MB.......... .......... .......... ..........90%
8.99 MB.......... .......... .......... ..........90%
9.00 MB.......... .......... .......... ..........90%
9.01 MB.......... .......... .......... ..........90%
9.02 MB.......... .......... .......... ..........90%
9.02 MB.......... .......... .......... ..........90%
9.03 MB.......... .......... .......... ..........91%
9.04 MB.......... .......... .......... ..........91%
9.05 MB.......... .......... .......... ..........91%
9.05 MB.......... .......... .......... ..........91%
9.06 MB.......... .......... .......... ..........91%
9.07 MB.......... .......... .......... ..........91%
9.08 MB.......... .......... .......... ..........91%
9.09 MB.......... .......... .......... ..........91%
9.09 MB.......... .......... .......... ..........91%
9.10 MB.......... .......... .......... ..........91%
9.11 MB.......... .......... .......... ..........91%
9.12 MB.......... .......... .......... ..........91%
9.12 MB.......... .......... .......... ..........91%
9.13 MB.......... .......... .......... ..........92%
9.14 MB.......... .......... .......... ..........92%
9.15 MB.......... .......... .......... ..........92%
9.16 MB.......... .......... .......... ..........92%
9.16 MB.......... .......... .......... ..........92%
9.17 MB.......... .......... .......... ..........92%
9.18 MB.......... .......... .......... ..........92%
9.19 MB.......... .......... .......... ..........92%
9.20 MB.......... .......... .......... ..........92%
9.20 MB.......... .......... .......... ..........92%
9.21 MB.......... .......... .......... ..........92%
9.22 MB.......... .......... .......... ..........92%
9.23 MB.......... .......... .......... ..........92%
9.23 MB.......... .......... .......... ..........93%
9.24 MB.......... .......... .......... ..........93%
9.25 MB.......... .......... .......... ..........93%
9.26 MB.......... .......... .......... ..........93%
9.27 MB.......... .......... .......... ..........93%
9.27 MB.......... .......... .......... ..........93%
9.28 MB.......... .......... .......... ..........93%
9.29 MB.......... .......... .......... ..........93%
9.30 MB.......... .......... .......... ..........93%
9.30 MB.......... .......... .......... ..........93%
9.31 MB.......... .......... .......... ..........93%
9.32 MB.......... .......... .......... ..........93%
9.33 MB.......... .......... .......... ..........94%
9.34 MB.......... .......... .......... ..........94%
9.34 MB.......... .......... .......... ..........94%
9.35 MB.......... .......... .......... ..........94%
9.36 MB.......... .......... .......... ..........94%
9.37 MB.......... .......... .......... ..........94%
9.38 MB.......... .......... .......... ..........94%
9.38 MB.......... .......... .......... ..........94%
9.39 MB.......... .......... .......... ..........94%
9.40 MB.......... .......... .......... ..........94%
9.41 MB.......... .......... .......... ..........94%
9.41 MB.......... .......... .......... ..........94%
9.42 MB.......... .......... .......... ..........94%
9.43 MB.......... .......... .......... ..........95%
9.44 MB.......... .......... .......... ..........95%
9.45 MB.......... .......... .......... ..........95%
9.45 MB.......... .......... .......... ..........95%
9.46 MB.......... .......... .......... ..........95%
9.47 MB.......... .......... .......... ..........95%
9.48 MB.......... .......... .......... ..........95%
9.48 MB.......... .......... .......... ..........95%
9.49 MB.......... .......... .......... ..........95%
9.50 MB.......... .......... .......... ..........95%
9.51 MB.......... .......... .......... ..........95%
9.52 MB.......... .......... .......... ..........95%
9.52 MB.......... .......... .......... ..........95%
9.53 MB.......... .......... .......... ..........96%
9.54 MB.......... .......... .......... ..........96%
9.55 MB.......... .......... .......... ..........96%
9.55 MB.......... .......... .......... ..........96%
9.56 MB.......... .......... .......... ..........96%
9.57 MB.......... .......... .......... ..........96%
9.58 MB.......... .......... .......... ..........96%
9.59 MB.......... .......... .......... ..........96%
9.59 MB.......... .......... .......... ..........96%
9.60 MB.......... .......... .......... ..........96%
9.61 MB.......... .......... .......... ..........96%
9.62 MB.......... .......... .......... ..........96%
9.62 MB.......... .......... .......... ..........97%
9.63 MB.......... .......... .......... ..........97%
9.64 MB.......... .......... .......... ..........97%
9.65 MB.......... .......... .......... ..........97%
9.66 MB.......... .......... .......... ..........97%
9.66 MB.......... .......... .......... ..........97%
9.67 MB.......... .......... .......... ..........97%
9.68 MB.......... .......... .......... ..........97%
9.69 MB.......... .......... .......... ..........97%
9.70 MB.......... .......... .......... ..........97%
9.70 MB.......... .......... .......... ..........97%
9.71 MB.......... .......... .......... ..........97%
9.72 MB.......... .......... .......... ..........97%
9.73 MB.......... .......... .......... ..........98%
9.73 MB.......... .......... .......... ..........98%
9.74 MB.......... .......... .......... ..........98%
9.75 MB.......... .......... .......... ..........98%
9.76 MB.......... .......... .......... ..........98%
9.77 MB.......... .......... .......... ..........98%
9.77 MB.......... .......... .......... ..........98%
9.78 MB.......... .......... .......... ..........98%
9.79 MB.......... .......... .......... ..........98%
9.80 MB.......... .......... .......... ..........98%
9.80 MB.......... .......... .......... ..........98%
9.81 MB.......... .......... .......... ..........98%
9.82 MB.......... .......... .......... ..........98%
9.83 MB.......... .......... .......... ..........99%
9.84 MB.......... .......... .......... ..........99%
9.84 MB.......... .......... .......... ..........99%
9.85 MB.......... .......... .......... ..........99%
9.86 MB.......... .......... .......... ..........99%
9.87 MB.......... .......... .......... ..........99%
9.88 MB.......... .......... .......... ..........99%
9.88 MB.......... .......... .......... ..........99%
9.89 MB.......... .......... .......... ..........99%
9.90 MB.......... .......... .......... ..........99%
9.91 MB.......... .......... .......... ..........99%
9.91 MB.......... .......... .......... ..........99%
9.92 MB.......... .......... .......... ..........99%
9.93 MB.......... .......... .......... ..........100%
正在解压文件.
正在配置MySQL配置文件.
正在创建MySQL服务.
正在生成随机root密码.
正在同步数据库资料
安装成功!
